Connecting to database specified by database.yml


Started GET "/" for 127.0.0.1 at 2012-09-18 20:31:51 -0700
Processing by HomeController#index as HTML
  Rendered home/index.html.haml within layouts/application (10.3ms)
  Rendered application/_header_guest.html.haml (5.2ms)
  Rendered application/_header.html.haml (10.9ms)
Completed 200 OK in 228ms (Views: 227.6ms | ActiveRecord: 0.0ms)


Started GET "/assets/application.css" for 127.0.0.1 at 2012-09-18 20:31:51 -0700
Compiled app.css  (161ms)  (pid 3836)
Compiled bootstrap-responsive.css  (1ms)  (pid 3836)
Compiled bootstrap.css  (108ms)  (pid 3836)
Compiled home.css  (3ms)  (pid 3836)
Compiled sessions.css  (2ms)  (pid 3836)
Compiled users.css  (1ms)  (pid 3836)
Compiled application.css  (384ms)  (pid 3836)
Served asset /application.css - 200 OK (426ms)


Started GET "/assets/application.js" for 127.0.0.1 at 2012-09-18 20:31:52 -0700
Compiled jquery.js  (30ms)  (pid 3836)
Compiled jquery_ujs.js  (0ms)  (pid 3836)
Compiled app.js  (1428ms)  (pid 3836)
Compiled bootstrap.js  (9ms)  (pid 3836)
Compiled home.js  (1528ms)  (pid 3836)
Compiled locations.js  (1018ms)  (pid 3836)
Compiled sessions.js  (887ms)  (pid 3836)
Compiled users.js  (851ms)  (pid 3836)
Compiled application.js  (6222ms)  (pid 3836)
Served asset /application.js - 200 OK (6323ms)
Connecting to database specified by database.yml
Connecting to database specified by database.yml
Connecting to database specified by database.yml
Connecting to database specified by database.yml
Connecting to database specified by database.yml
Connecting to database specified by database.yml
Connecting to database specified by database.yml
Connecting to database specified by database.yml
Connecting to database specified by database.yml
Connecting to database specified by database.yml
Connecting to database specified by database.yml
Connecting to database specified by database.yml
Connecting to database specified by database.yml
  [1m[36m (0.2ms)[0m  [1mSELECT "schema_migrations"."version" FROM "schema_migrations" [0m
Migrating to CreateUsers (20120905195452)
Migrating to CreateLocations (20120919034949)
  [1m[35m (0.1ms)[0m  select sqlite_version(*)
  [1m[36m (0.1ms)[0m  [1mbegin transaction[0m
  [1m[35m (1.0ms)[0m  CREATE TABLE "locations" ("id" INTEGER PRIMARY KEY AUTOINCREMENT NOT NULL, "name" varchar(255), "latitude" integer, "longitude" integer, "created_at" datetime NOT NULL, "updated_at" datetime NOT NULL) 
  [1m[36m (0.9ms)[0m  [1mINSERT INTO "schema_migrations" ("version") VALUES ('20120919034949')[0m
  [1m[35m (69.2ms)[0m  commit transaction
Migrating to CreatePosts (20120919035224)
  [1m[36m (0.1ms)[0m  [1mbegin transaction[0m
  [1m[35m (0.7ms)[0m  CREATE TABLE "posts" ("id" INTEGER PRIMARY KEY AUTOINCREMENT NOT NULL, "content" text, "users_id" integer, "locations_id" integer, "created_at" datetime NOT NULL, "updated_at" datetime NOT NULL) 
  [1m[36m (0.2ms)[0m  [1mINSERT INTO "schema_migrations" ("version") VALUES ('20120919035224')[0m
  [1m[35m (37.6ms)[0m  commit transaction
Migrating to CreateUserslocations (20120919042923)
  [1m[36m (0.1ms)[0m  [1mbegin transaction[0m
  [1m[35m (0.8ms)[0m  CREATE TABLE "userslocations" ("id" INTEGER PRIMARY KEY AUTOINCREMENT NOT NULL, "users_id" integer, "locations_id" integer, "created_at" datetime NOT NULL, "updated_at" datetime NOT NULL) 
  [1m[36m (0.3ms)[0m  [1mINSERT INTO "schema_migrations" ("version") VALUES ('20120919042923')[0m
  [1m[35m (60.0ms)[0m  commit transaction
  [1m[36m (0.4ms)[0m  [1mselect sqlite_version(*)[0m
  [1m[35m (0.4ms)[0m  SELECT "schema_migrations"."version" FROM "schema_migrations" 
  [1m[36m (0.1ms)[0m  [1mPRAGMA index_list("locations")[0m
  [1m[35m (0.1ms)[0m  PRAGMA index_list("posts")
  [1m[36m (0.9ms)[0m  [1mPRAGMA index_list("users")[0m
  [1m[35m (0.1ms)[0m  PRAGMA index_list("userslocations")
Connecting to database specified by database.yml
  [1m[36m (0.4ms)[0m  [1mSELECT "schema_migrations"."version" FROM "schema_migrations" [0m
Migrating to CreateUsers (20120905195452)
Migrating to CreateLocations (20120919034949)
Migrating to CreatePosts (20120919035224)
Migrating to CreateUserslocations (20120919042923)
  [1m[35m (0.4ms)[0m  select sqlite_version(*)
  [1m[36m (0.1ms)[0m  [1mSELECT "schema_migrations"."version" FROM "schema_migrations" [0m
  [1m[35m (0.1ms)[0m  PRAGMA index_list("locations")
  [1m[36m (0.1ms)[0m  [1mPRAGMA index_list("posts")[0m
  [1m[35m (0.0ms)[0m  PRAGMA index_list("users")
  [1m[36m (0.0ms)[0m  [1mPRAGMA index_list("userslocations")[0m
Connecting to database specified by database.yml
Binary data inserted for `string` type on column `password_digest`
Connecting to database specified by database.yml
Connecting to database specified by database.yml
Connecting to database specified by database.yml
SQLite3::SQLException: no such column: user_id: INSERT into Userslocations VALUES(user_id, location_id)
Connecting to database specified by database.yml
SQLite3::SQLException: near "%": syntax error: INSERT into %Q(Userslocations) (%Q(user_id), %Q(location_id)) VALUES(user_id, location_id)
SQLite3::SQLException: near "%": syntax error: INSERT into %Q(Userslocations) (%Q(user_id), %Q(location_id)) VALUES(user_id, location_id)
Connecting to database specified by database.yml
SQLite3::SQLException: near "%": syntax error: INSERT into %(Userslocations) (%(user_id), %(location_id)) VALUES(user_id, location_id)
Connecting to database specified by database.yml
SQLite3::SQLException: table Userslocations has no column named user_id: INSERT into Userslocations (user_id, location_id) VALUES(1, 1)
Connecting to database specified by database.yml
SQLite3::ConstraintException: userslocations.created_at may not be NULL: INSERT into Userslocations (users_id, locations_id) VALUES(1, 1)
Connecting to database specified by database.yml
SQLite3::SQLException: near "23": syntax error: INSERT into Userslocations (users_id, locations_id, created_at, updated_at) VALUES(1, 1, 2012-09-18 23:08:51 -0700, 2012-09-18 23:08:51 -0700)
Connecting to database specified by database.yml
SQLite3::SQLException: unrecognized token: "18T23": INSERT into Userslocations (users_id, locations_id, created_at, updated_at) VALUES(1, 1, 2012-09-18T23:10:22-07:00, 2012-09-18T23:10:22-07:00)
Connecting to database specified by database.yml
  [1m[36m (0.3ms)[0m  [1mselect sqlite_version(*)[0m
  [1m[35m (51.6ms)[0m  CREATE TABLE "schema_migrations" ("version" varchar(255) NOT NULL) 
  [1m[36m (0.6ms)[0m  [1mPRAGMA index_list("schema_migrations")[0m
  [1m[35m (23.0ms)[0m  CREATE UNIQUE INDEX "unique_schema_migrations" ON "schema_migrations" ("version")
  [1m[36m (0.1ms)[0m  [1mSELECT "schema_migrations"."version" FROM "schema_migrations" [0m
Migrating to CreateUsers (20120905195452)
  [1m[35m (0.1ms)[0m  begin transaction
  [1m[36m (1.1ms)[0m  [1mCREATE TABLE "users" ("id" INTEGER PRIMARY KEY AUTOINCREMENT NOT NULL, "name" varchar(255), "email" varchar(255), "password_digest" varchar(255), "created_at" datetime NOT NULL, "updated_at" datetime NOT NULL) [0m
  [1m[35m (0.2ms)[0m  INSERT INTO "schema_migrations" ("version") VALUES ('20120905195452')
  [1m[36m (59.0ms)[0m  [1mcommit transaction[0m
Migrating to CreateLocations (20120919034949)
  [1m[35m (0.1ms)[0m  begin transaction
  [1m[36m (0.8ms)[0m  [1mCREATE TABLE "locations" ("id" INTEGER PRIMARY KEY AUTOINCREMENT NOT NULL, "name" varchar(255), "latitude" integer, "longitude" integer, "created_at" datetime NOT NULL, "updated_at" datetime NOT NULL) [0m
  [1m[35m (0.3ms)[0m  INSERT INTO "schema_migrations" ("version") VALUES ('20120919034949')
  [1m[36m (84.3ms)[0m  [1mcommit transaction[0m
Migrating to CreatePosts (20120919035224)
  [1m[35m (0.2ms)[0m  begin transaction
  [1m[36m (1.0ms)[0m  [1mCREATE TABLE "posts" ("id" INTEGER PRIMARY KEY AUTOINCREMENT NOT NULL, "content" text, "users_id" integer, "locations_id" integer, "created_at" datetime NOT NULL, "updated_at" datetime NOT NULL) [0m
  [1m[35m (0.4ms)[0m  INSERT INTO "schema_migrations" ("version") VALUES ('20120919035224')
  [1m[36m (62.6ms)[0m  [1mcommit transaction[0m
Migrating to CreateUserslocations (20120919042923)
  [1m[35m (0.2ms)[0m  begin transaction
  [1m[36m (1.2ms)[0m  [1mCREATE TABLE "userslocations" ("id" INTEGER PRIMARY KEY AUTOINCREMENT NOT NULL, "users_id" integer, "locations_id" integer) [0m
  [1m[35m (0.6ms)[0m  INSERT INTO "schema_migrations" ("version") VALUES ('20120919042923')
  [1m[36m (33.4ms)[0m  [1mcommit transaction[0m
  [1m[35m (0.6ms)[0m  select sqlite_version(*)
  [1m[36m (0.2ms)[0m  [1mSELECT "schema_migrations"."version" FROM "schema_migrations" [0m
  [1m[35m (0.1ms)[0m  PRAGMA index_list("locations")
  [1m[36m (0.1ms)[0m  [1mPRAGMA index_list("posts")[0m
  [1m[35m (1.1ms)[0m  PRAGMA index_list("users")
  [1m[36m (0.1ms)[0m  [1mPRAGMA index_list("userslocations")[0m
Connecting to database specified by database.yml
Binary data inserted for `string` type on column `password_digest`
Connecting to database specified by database.yml
Connecting to database specified by database.yml
SQLite3::SQLException: near "from": syntax error: SELECT from Userslocations where user_id = 1
Connecting to database specified by database.yml
SQLite3::SQLException: no such column: user_id: SELECT * from Userslocations where user_id = 1
Connecting to database specified by database.yml
Connecting to database specified by database.yml
Connecting to database specified by database.yml
Connecting to database specified by database.yml
Connecting to database specified by database.yml
Connecting to database specified by database.yml
Connecting to database specified by database.yml
DEPRECATION WARNING: You're trying to create an attribute `follows'. Writing arbitrary attributes on a model is deprecated. Please just use `attr_writer` etc. (called from block (3 levels) in get_nearby_locations at /home/ubuntu/hw2/localee/app/controllers/app_query.rb:122)
DEPRECATION WARNING: You're trying to create an attribute `follows'. Writing arbitrary attributes on a model is deprecated. Please just use `attr_writer` etc. (called from block (3 levels) in get_nearby_locations at /home/ubuntu/hw2/localee/app/controllers/app_query.rb:122)
Connecting to database specified by database.yml
Connecting to database specified by database.yml
SQLite3::SQLException: near "(": syntax error: DELETE from Userslocations (users_id, locations_id) VALUES(1, 1)
DEPRECATION WARNING: You're trying to create an attribute `follows'. Writing arbitrary attributes on a model is deprecated. Please just use `attr_writer` etc. (called from block (3 levels) in get_nearby_locations at /home/ubuntu/hw2/localee/app/controllers/app_query.rb:133)
DEPRECATION WARNING: You're trying to create an attribute `follows'. Writing arbitrary attributes on a model is deprecated. Please just use `attr_writer` etc. (called from block (3 levels) in get_nearby_locations at /home/ubuntu/hw2/localee/app/controllers/app_query.rb:133)
DEPRECATION WARNING: You're trying to create an attribute `follows'. Writing arbitrary attributes on a model is deprecated. Please just use `attr_writer` etc. (called from block (3 levels) in get_nearby_locations at /home/ubuntu/hw2/localee/app/controllers/app_query.rb:133)
DEPRECATION WARNING: You're trying to create an attribute `follows'. Writing arbitrary attributes on a model is deprecated. Please just use `attr_writer` etc. (called from block (3 levels) in get_nearby_locations at /home/ubuntu/hw2/localee/app/controllers/app_query.rb:135)
Connecting to database specified by database.yml
DEPRECATION WARNING: You're trying to create an attribute `follows'. Writing arbitrary attributes on a model is deprecated. Please just use `attr_writer` etc. (called from block (3 levels) in get_nearby_locations at /home/ubuntu/hw2/localee/app/controllers/app_query.rb:134)
DEPRECATION WARNING: You're trying to create an attribute `follows'. Writing arbitrary attributes on a model is deprecated. Please just use `attr_writer` etc. (called from block (3 levels) in get_nearby_locations at /home/ubuntu/hw2/localee/app/controllers/app_query.rb:134)
